[0409/195639.001:INFO:CONSOLE(151)] "Event handler of 'x-storagemutated-1' event must be added on the initial evaluation of worker script.", source: https://static.whatsapp.net/rsrc.php/v4/yE/r/D6hqgQ2fAUw.js (151)
[0409/195639.324:INFO:CONSOLE(0)] "Error with Permissions-Policy header: Feature xr-spatial-tracking's parameters are ignored.", source:  (0)
[0409/195639.324:INFO:CONSOLE(0)] "Error with Permissions-Policy header: Origin trial controlled feature not enabled: 'attribution-reporting'.", source:  (0)
[0409/195639.324:INFO:CONSOLE(0)] "Error with Permissions-Policy header: Unrecognized feature: 'compute-pressure'.", source:  (0)
[0409/195639.325:INFO:CONSOLE(0)] "Error with Permissions-Policy header: Origin trial controlled feature not enabled: 'interest-cohort'.", source:  (0)
[0409/195639.325:INFO:CONSOLE(0)] "Error with Permissions-Policy header: Unrecognized feature: 'private-state-token-issuance'.", source:  (0)
[0409/195639.325:INFO:CONSOLE(0)] "Error with Permissions-Policy header: Origin trial controlled feature not enabled: 'shared-storage'.", source:  (0)
[0409/195639.325:INFO:CONSOLE(0)] "Error with Permissions-Policy header: Unrecognized feature: 'shared-storage-select-url'.", source:  (0)
[0409/195639.325:INFO:CONSOLE(0)] "Error with Permissions-Policy header: Unrecognized feature: 'private-state-token-redemption'.", source:  (0)
[0409/195639.325:INFO:CONSOLE(0)] "Error with Permissions-Policy header: Unrecognized feature: 'unload'.", source:  (0)
[0409/195639.325:INFO:CONSOLE(0)] "Error with Permissions-Policy header: Unrecognized feature: 'window-management'.", source:  (0)
[0409/200143.155:INFO:CONSOLE(1758)] "Failed to parse video contentType: video/mp4; codecs=avc1.42000a", source: https://static.whatsapp.net/rsrc.php/v4iR5P4/yN/l/rt/CpZqOg_ddQk.js (1758)
[0409/200143.155:INFO:CONSOLE(1758)] "Failed to parse video contentType: video/mp4; codecs=hev1.1.6.L93.B0", source: https://static.whatsapp.net/rsrc.php/v4iR5P4/yN/l/rt/CpZqOg_ddQk.js (1758)
[0409/200148.746:INFO:CONSOLE(151)] "Event handler of 'x-storagemutated-1' event must be added on the initial evaluation of worker script.", source: https://static.whatsapp.net/rsrc.php/v4/yE/r/D6hqgQ2fAUw.js (151)
[0409/200650.173:INFO:CONSOLE(151)] "Event handler of 'x-storagemutated-1' event must be added on the initial evaluation of worker script.", source: https://static.whatsapp.net/rsrc.php/v4/yE/r/D6hqgQ2fAUw.js (151)
[0409/202031.992:INFO:CONSOLE(151)] "Event handler of 'x-storagemutated-1' event must be added on the initial evaluation of worker script.", source: https://static.whatsapp.net/rsrc.php/v4/yE/r/D6hqgQ2fAUw.js (151)
[0409/202158.745:INFO:CONSOLE(151)] "Event handler of 'x-storagemutated-1' event must be added on the initial evaluation of worker script.", source: https://static.whatsapp.net/rsrc.php/v4/yE/r/D6hqgQ2fAUw.js (151)
[0409/203649.261:INFO:CONSOLE(325)] "Uncaught (in promise) #<a>", source: https://static.whatsapp.net/rsrc.php/v4/yQ/r/ICDwqXOPWRq.js (325)
[0409/203649.261:INFO:CONSOLE(271)] "Uncaught (in promise) #<a>", source: https://static.whatsapp.net/rsrc.php/v4/ym/r/yr9Byrl2e8P.js (271)
[0409/203649.261:INFO:CONSOLE(271)] "Uncaught (in promise) #<a>", source: https://static.whatsapp.net/rsrc.php/v4/ym/r/yr9Byrl2e8P.js (271)
[0409/203649.532:INFO:CONSOLE(0)] "Error with Permissions-Policy header: Feature xr-spatial-tracking's parameters are ignored.", source:  (0)
[0409/203649.532:INFO:CONSOLE(0)] "Error with Permissions-Policy header: Origin trial controlled feature not enabled: 'attribution-reporting'.", source:  (0)
[0409/203649.532:INFO:CONSOLE(0)] "Error with Permissions-Policy header: Unrecognized feature: 'compute-pressure'.", source:  (0)
[0409/203649.532:INFO:CONSOLE(0)] "Error with Permissions-Policy header: Origin trial controlled feature not enabled: 'interest-cohort'.", source:  (0)
[0409/203649.532:INFO:CONSOLE(0)] "Error with Permissions-Policy header: Unrecognized feature: 'private-state-token-issuance'.", source:  (0)
[0409/203649.533:INFO:CONSOLE(0)] "Error with Permissions-Policy header: Origin trial controlled feature not enabled: 'shared-storage'.", source:  (0)
[0409/203649.533:INFO:CONSOLE(0)] "Error with Permissions-Policy header: Unrecognized feature: 'shared-storage-select-url'.", source:  (0)
[0409/203649.533:INFO:CONSOLE(0)] "Error with Permissions-Policy header: Unrecognized feature: 'private-state-token-redemption'.", source:  (0)
[0409/203649.533:INFO:CONSOLE(0)] "Error with Permissions-Policy header: Unrecognized feature: 'unload'.", source:  (0)
[0409/203649.533:INFO:CONSOLE(0)] "Error with Permissions-Policy header: Unrecognized feature: 'window-management'.", source:  (0)
[0409/203649.551:ERROR:entry_impl.cc(1072)] No file for 80000002
[0409/203649.551:ERROR:entry_impl.cc(1072)] No file for 80000003
[0409/203649.554:ERROR:entry_impl.cc(1072)] No file for 80000004
[0409/203649.554:ERROR:entry_impl.cc(1072)] No file for 80000005
[0409/203649.555:ERROR:entry_impl.cc(1072)] No file for 80000009
[0409/203649.555:ERROR:entry_impl.cc(1072)] No file for 80000001
[0409/203649.556:ERROR:entry_impl.cc(1072)] No file for 80000007
[0409/203649.556:ERROR:entry_impl.cc(1072)] No file for 80000008
[0409/203649.557:ERROR:entry_impl.cc(1072)] No file for 80000006
[0409/203649.588:INFO:CONSOLE(151)] "Event handler of 'x-storagemutated-1' event must be added on the initial evaluation of worker script.", source: https://static.whatsapp.net/rsrc.php/v4/yE/r/D6hqgQ2fAUw.js (151)
[0409/203652.763:INFO:CONSOLE(0)] "The resource https://static.whatsapp.net/rsrc-translations.php/v8iV9l4/yz/l/pt_BR/2_MEW5mXmEIfwA_k4oHAeO7Heh5eE9q-5wdwDvXx_J0svsWqehdEtWw.js was preloaded using link preload but not used within a few seconds from the window's load event. Please make sure it has an appropriate `as` value and it is preloaded intentionally.", source: https://web.whatsapp.com/ (0)
[0409/203652.763:INFO:CONSOLE(0)] "The resource https://static.whatsapp.net/rsrc-translations.php/v8iFem4/yj/l/pt_BR/ZiUjCpQOUi0.js was preloaded using link preload but not used within a few seconds from the window's load event. Please make sure it has an appropriate `as` value and it is preloaded intentionally.", source: https://web.whatsapp.com/ (0)
[0409/203652.763:INFO:CONSOLE(0)] "The resource https://static.whatsapp.net/rsrc-translations.php/v8ilog4/y5/l/pt_BR/CpZqOg_ddQk.js was preloaded using link preload but not used within a few seconds from the window's load event. Please make sure it has an appropriate `as` value and it is preloaded intentionally.", source: https://web.whatsapp.com/ (0)
